OPTIONS /api/auth/register 200 4 - 5.677 ms
OPTIONS /api/auth/register 200 4 - 4.452 ms
OPTIONS /api/auth/register 200 4 - 5.549 ms
OPTIONS /api/auth/register 200 4 - 8.780 ms
GET / 200 14 - 9.466 ms
GET /favicon.ico 404 150 - 5.449 ms
OPTIONS /api/auth/register 200 4 - 5.736 ms
OPTIONS /api/auth/register 200 4 - 4.675 ms
GET /api/auth/register 404 156 - 9.478 ms
GET /api/auth/register 404 156 - 4.112 ms
OPTIONS /api/auth/register 200 4 - 0.710 ms
OPTIONS /api/auth/register 200 4 - 5.234 ms
OPTIONS /api/auth/register 200 4 - 2.560 ms
OPTIONS /api/auth/register 200 4 - 1.765 ms
GET /api/auth/register 404 156 - 51.561 ms
POST /api/auth/register 500 614 - 186.493 ms
POST /api/auth/register 500 614 - 135.279 ms
POST /api/auth/register 500 614 - 121.496 ms
POST /api/auth/register 500 614 - 124.396 ms
OPTIONS /api/auth/register 200 4 - 1.269 ms
POST /api/auth/register 500 614 - 139.269 ms
POST /api/auth/register 500 614 - 150.636 ms
