POST /api/auth/register 500 614 - 152.299 ms
POST /api/auth/register 201 78 - 219.397 ms
OPTIONS /api/auth/register 204 0 - 2.858 ms
POST /api/auth/register 400 1249 - 16.003 ms
OPTIONS /api/auth/register 204 0 - 0.862 ms
POST /api/auth/register 201 78 - 94.455 ms
OPTIONS /api/auth/login 204 0 - 1.196 ms
POST /api/auth/login 200 66 - 93.594 ms
GET /api/recipes/all?category=[object%20Event]&page=1 200 2 - 6.933 ms
GET /api/recipes/all?category=Appetizer&page=1 200 2 - 11.669 ms
GET /api/recipes/all?category=&page=2 200 2 - 4.341 ms
POST /api/recipes/upload 201 362 - 19.842 ms
GET /api/recipes/all?category=[object%20Event]&page=1 200 367 - 24.346 ms
GET /api/recipes/all?category=Appetizer&page=1 200 367 - 13.425 ms
GET /api/recipes/all?category=&page=1 200 367 - 26.128 ms
GET /api/recipes/all?category=Dessert&page=1 200 367 - 21.812 ms
GET /api/recipes/all?category=Main%20Course&page=1 200 367 - 30.641 ms
GET /api/recipes/all?category=Dessert&page=1 304 - - 20.040 ms
GET /api/recipes/all?category=[object%20Event]&page=1 304 - - 29.746 ms
GET /api/recipes/all?category=[object%20Event]&page=1 304 - - 12.980 ms
GET /uploads/default.jpg 404 158 - 16.748 ms
GET /uploads/ 404 147 - 2.378 ms
GET /uploads/ 404 147 - 3.218 ms
GET /uploads 301 157 - 3.332 ms
GET /uploads/ 404 147 - 6.305 ms
GET /uploads/ 404 147 - 1.079 ms
GET /uploads/default.jpg 200 65361 - 6.273 ms
GET /api/recipes/all?category=[object%20Event]&page=1 304 - - 12.086 ms
GET /uploads/1745011126735-Screenshot%202024-10-22%20000149.png 404 197 - 2.036 ms
GET /api/recipes/all?category=[object%20Event]&page=1 304 - - 12.598 ms
GET /uploads//uploads/1745011126735-Screenshot%202024-10-22%20000149.png 404 206 - 1.725 ms
GET /api/recipes/all?category=[object%20Event]&page=1 304 - - 10.834 ms
GET //uploads/1745011126735-Screenshot%202024-10-22%20000149.png 404 198 - 1.407 ms
GET /api/recipes/all?category=[object%20Event]&page=1 304 - - 9.819 ms
GET //uploads/1745011126735-Screenshot%202024-10-22%20000149.png 404 198 - 1.828 ms
GET /api/recipes/all?category=[object%20Event]&page=1 304 - - 7.793 ms
GET //uploads/1745011126735-Screenshot%202024-10-22%20000149.png 404 198 - 1.163 ms
GET /api/recipes/all?category=[object%20Event]&page=1 304 - - 8.605 ms
GET /uploads/1745011126735-Screenshot%202024-10-22%20000149.png 404 197 - 3.360 ms
GET /uploads/1745011126735-Screenshot%202024-10-22%20000149.png 404 197 - 2.699 ms
POST /api/recipes/upload 500 411 - 54.076 ms
GET /api/recipes/all?category=[object%20Event]&page=1 304 - - 5.740 ms
GET /uploads/1745011126735-Screenshot%202024-10-22%20000149.png 404 197 - 1.019 ms
GET /api/recipes/all?category=&page=2 200 367 - 5.910 ms
GET /uploads/1745011126735-Screenshot%202024-10-22%20000149.png 404 197 - 2.825 ms
GET /api/recipes/all?category=&page=3 200 367 - 7.897 ms
GET /uploads/1745011126735-Screenshot%202024-10-22%20000149.png 404 197 - 2.672 ms
GET /api/recipes/all?category=[object%20Event]&page=1 304 - - 8.465 ms
GET /uploads/1745011126735-Screenshot%202024-10-22%20000149.png 404 197 - 1.139 ms
POST /api/recipes/upload 500 411 - 10.079 ms
GET /api/recipes/all?category=[object%20Event]&page=1 304 - - 7.984 ms
GET /uploads/1745011126735-Screenshot%202024-10-22%20000149.png 404 197 - 1.667 ms
GET /api/recipes/all?category=[object%20Event]&page=1 304 - - 6.920 ms
GET /uploads/1745011126735-Screenshot%202024-10-22%20000149.png 404 197 - 1.111 ms
POST /api/recipes/upload 500 411 - 49.189 ms
GET /api/recipes/all?category=[object%20Event]&page=1 304 - - 34.343 ms
GET /uploads/1745011126735-Screenshot%202024-10-22%20000149.png 404 197 - 4.932 ms
GET /uploads/1745011126735-Screenshot 404 171 - 5.833 ms
GET /uploads/1745011126735-Screenshot%202024-10-22%20000149.png 404 197 - 5.804 ms
GET /api/recipes/all 200 367 - 8.533 ms
GET /uploads/1745011126735-Screenshot%202024-10-22%20000149.png 404 197 - 1.537 ms
GET /api/recipes/all 304 - - 13.883 ms
GET /uploads/1745011126735-Screenshot%202024-10-22%20000149.png 404 197 - 1.917 ms
GET /api/recipes/all 304 - - 10.751 ms
GET /uploads/1745011126735-Screenshot%202024-10-22%20000149.png 404 197 - 1.304 ms
GET /api/recipes/all 304 - - 13.671 ms
GET /uploads/1745011126735-Screenshot%202024-10-22%20000149.png 404 197 - 1.317 ms
GET /api/recipes/all 304 - - 9.870 ms
GET /uploads/1745011126735-Screenshot%202024-10-22%20000149.png 404 197 - 0.867 ms
GET /uploads/1745011126735-Screenshot%202024-10-22%20000149.png 404 197 - 2.949 ms
GET /uploads/1745011126735-Screenshot%202024-10-22%20000149.png 404 197 - 5.193 ms
GET /uploads/1745011126735-Screenshot%202024-10-22%20000149.png 404 197 - 2.851 ms
GET /uploads/1745011126735-Screenshot%202024-10-22%20000149.png 404 197 - 4.231 ms
GET /uploads/1745011126735-Screenshot%202024-10-22%20000149.png 404 197 - 2.624 ms
GET /uploads/1745011126735-Screenshot%202024-10-22%20000149.png 404 197 - 2.321 ms
GET /uploads/1745011126735-Screenshot%202024-10-22%20000149.png 404 197 - 1.499 ms
GET /uploads/1745011126735-Screenshot%202024-10-22%20000149.png 404 197 - 2.996 ms
GET /uploads/1745011126735-Screenshot%202024-10-22%20000149.png 404 197 - 2.517 ms
GET /uploads/1745011126735-Screenshot%202024-10-22%20000149.png 404 197 - 4.070 ms
GET /uploads/1745011126735-Screenshot%202024-10-22%20000149.png 404 197 - 4.327 ms
GET /uploads/1745011126735-Screenshot%202024-10-22%20000149.png 404 197 - 2.691 ms
GET /uploads/1745011126735-Screenshot%202024-10-22%20000149.png 404 197 - 4.981 ms
GET /uploads/1745011126735-Screenshot%202024-10-22%20000149.png 404 197 - 2.655 ms
GET /uploads/1745011126735-Screenshot%202024-10-22%20000149.png 404 197 - 2.656 ms
POST /api/recipes/upload 500 411 - 13.169 ms
GET /api/recipes/all 304 - - 8.419 ms
GET /uploads/1745011126735-Screenshot%202024-10-22%20000149.png 404 197 - 1.022 ms
GET /uploads/1745011126735-Screenshot%202024-10-22%20000149.png 404 197 - 1.935 ms
OPTIONS /api/auth/login 204 0 - 5.941 ms
POST /api/auth/login 200 66 - 303.698 ms
GET /api/recipes/all 304 - - 58.590 ms
GET /uploads/1745011126735-Screenshot%202024-10-22%20000149.png 404 197 - 11.008 ms
POST /api/recipes/upload 201 357 - 42.821 ms
GET /api/recipes/all 200 728 - 21.805 ms
GET /uploads/1745011126735-Screenshot%202024-10-22%20000149.png 404 197 - 7.302 ms
GET /uploads/1745035878892-Screenshot%202024-10-29%20192411.png 200 25929 - 95.683 ms
OPTIONS /api/auth/login 204 0 - 0.756 ms
POST /api/auth/login 200 66 - 193.521 ms
GET /api/recipes/all 200 728 - 31.404 ms
GET /uploads/1745011126735-Screenshot%202024-10-22%20000149.png 404 197 - 2.918 ms
GET /uploads/1745035878892-Screenshot%202024-10-29%20192411.png 200 25929 - 4.177 ms
GET /api/recipes/all 304 - - 96.399 ms
GET /uploads/1745011126735-Screenshot%202024-10-22%20000149.png 404 197 - 10.893 ms
GET /uploads/1745035878892-Screenshot%202024-10-29%20192411.png 404 197 - 8.259 ms
GET /api/recipes/all 304 - - 57.689 ms
GET /uploads/1745011126735-Screenshot%202024-10-22%20000149.png 404 197 - 3.667 ms
GET /uploads/1745035878892-Screenshot%202024-10-29%20192411.png 404 197 - 2.948 ms
GET /api/recipes/all 304 - - 34.836 ms
GET /uploads/1745011126735-Screenshot%202024-10-22%20000149.png 404 197 - 88.491 ms
GET /uploads/1745035878892-Screenshot%202024-10-29%20192411.png 404 197 - 90.142 ms
GET /api/auth/check 404 153 - 2.177 ms
GET /api/recipes/all 304 - - 11.610 ms
GET /uploads/1745011126735-Screenshot%202024-10-22%20000149.png 404 197 - 3.083 ms
GET /uploads/1745035878892-Screenshot%202024-10-29%20192411.png 404 197 - 3.416 ms
OPTIONS /api/auth/login 204 0 - 0.862 ms
POST /api/auth/login 200 66 - 245.549 ms
GET /api/auth/check 404 153 - 2.657 ms
GET /api/recipes/all 304 - - 41.461 ms
GET /uploads/1745011126735-Screenshot%202024-10-22%20000149.png 404 197 - 4.455 ms
GET /uploads/1745035878892-Screenshot%202024-10-29%20192411.png 404 197 - 6.614 ms
OPTIONS /api/auth/login 204 0 - 6.860 ms
POST /api/auth/login 200 66 - 196.620 ms
GET /api/auth/check 404 153 - 1.810 ms
GET /api/recipes/all 304 - - 20.143 ms
GET /uploads/1745011126735-Screenshot%202024-10-22%20000149.png 404 197 - 9.285 ms
GET /uploads/1745035878892-Screenshot%202024-10-29%20192411.png 404 197 - 10.249 ms
OPTIONS /api/auth/register 204 0 - 0.674 ms
POST /api/auth/register 201 78 - 216.845 ms
OPTIONS /api/auth/login 204 0 - 0.792 ms
POST /api/auth/login 200 66 - 173.980 ms
GET /api/auth/check 404 153 - 2.722 ms
GET /api/recipes/all 304 - - 20.798 ms
GET /uploads/1745011126735-Screenshot%202024-10-22%20000149.png 404 197 - 124.097 ms
GET /uploads/1745035878892-Screenshot%202024-10-29%20192411.png 404 197 - 124.764 ms
OPTIONS /api/auth/login 204 0 - 1.174 ms
POST /api/auth/login 200 66 - 185.820 ms
GET /api/auth/check 404 153 - 8.404 ms
GET /api/auth/check 404 153 - 0.842 ms
OPTIONS /api/auth/login 204 0 - 5.976 ms
POST /api/auth/login 200 66 - 285.415 ms
GET /api/auth/check 401 18 - 3.759 ms
OPTIONS /api/auth/login 204 0 - 1.266 ms
POST /api/auth/login 200 66 - 193.646 ms
GET /api/auth/check 401 18 - 38.521 ms
OPTIONS /api/auth/login 204 0 - 4.316 ms
POST /api/auth/login 200 66 - 260.458 ms
GET /api/auth/check 200 17 - 4.511 ms
GET /api/recipes/all 304 - - 86.901 ms
GET /uploads/1745035878892-Screenshot%202024-10-29%20192411.png 404 197 - 8.873 ms
GET /uploads/1745011126735-Screenshot%202024-10-22%20000149.png 404 197 - 6.761 ms
POST /api/auth/logout 200 37 - 1.986 ms
OPTIONS /api/auth/login 204 0 - 0.725 ms
POST /api/auth/login 200 66 - 195.922 ms
GET /api/auth/check 304 - - 2.905 ms
GET /api/recipes/all 304 - - 28.151 ms
GET /uploads/1745011126735-Screenshot%202024-10-22%20000149.png 404 197 - 5.485 ms
GET /uploads/1745035878892-Screenshot%202024-10-29%20192411.png 404 197 - 97.477 ms
GET /api/auth/check 304 - - 1.266 ms
GET /api/recipes/all 304 - - 24.381 ms
GET /uploads/1745035878892-Screenshot%202024-10-29%20192411.png 404 197 - 2.656 ms
GET /uploads/1745011126735-Screenshot%202024-10-22%20000149.png 404 197 - 2.345 ms
GET /api/auth/check 304 - - 1.232 ms
GET /api/recipes/all 304 - - 13.964 ms
GET /uploads/1745035878892-Screenshot%202024-10-29%20192411.png 404 197 - 1.260 ms
GET /uploads/1745011126735-Screenshot%202024-10-22%20000149.png 404 197 - 3.834 ms
GET /api/auth/check 304 - - 1.350 ms
GET /api/recipes/all 304 - - 22.841 ms
GET /uploads/1745011126735-Screenshot%202024-10-22%20000149.png 404 197 - 3.359 ms
GET /uploads/1745035878892-Screenshot%202024-10-29%20192411.png 404 197 - 3.765 ms
GET /api/auth/check 304 - - 0.941 ms
GET /api/recipes/all 304 - - 13.846 ms
GET /uploads/1745011126735-Screenshot%202024-10-22%20000149.png 404 197 - 3.037 ms
GET /uploads/1745035878892-Screenshot%202024-10-29%20192411.png 404 197 - 2.798 ms
GET /api/auth/check 304 - - 0.941 ms
GET /api/recipes/all 304 - - 11.290 ms
GET /uploads/1745011126735-Screenshot%202024-10-22%20000149.png 404 197 - 3.253 ms
GET /uploads/1745035878892-Screenshot%202024-10-29%20192411.png 404 197 - 5.068 ms
GET /api/auth/check 304 - - 1.035 ms
GET /api/recipes/all 304 - - 12.691 ms
GET /uploads/1745035878892-Screenshot%202024-10-29%20192411.png 404 197 - 1.587 ms
GET /uploads/1745011126735-Screenshot%202024-10-22%20000149.png 404 197 - 5.046 ms
GET /api/auth/check 304 - - 1.021 ms
GET /api/recipes/all 304 - - 17.868 ms
GET /uploads/1745011126735-Screenshot%202024-10-22%20000149.png 404 197 - 3.601 ms
GET /uploads/1745035878892-Screenshot%202024-10-29%20192411.png 404 197 - 3.079 ms
GET /api/auth/check 304 - - 1.140 ms
GET /api/recipes/all 304 - - 25.849 ms
GET /uploads/1745035878892-Screenshot%202024-10-29%20192411.png 404 197 - 2.304 ms
GET /uploads/1745011126735-Screenshot%202024-10-22%20000149.png 404 197 - 2.568 ms
GET /api/auth/check 304 - - 0.905 ms
GET /api/recipes/all 304 - - 8.261 ms
GET /uploads/1745011126735-Screenshot%202024-10-22%20000149.png 404 197 - 3.262 ms
GET /uploads/1745035878892-Screenshot%202024-10-29%20192411.png 404 197 - 12.920 ms
OPTIONS /api/auth/login 204 0 - 5.281 ms
POST /api/auth/login 200 66 - 297.900 ms
GET /api/auth/check 304 - - 4.421 ms
GET /api/recipes/all 304 - - 149.493 ms
GET /uploads/1745035878892-Screenshot%202024-10-29%20192411.png 404 197 - 7.259 ms
GET /uploads/1745011126735-Screenshot%202024-10-22%20000149.png 404 197 - 7.062 ms
GET /api/auth/check 304 - - 2.209 ms
GET /api/recipes/all 304 - - 23.569 ms
GET /uploads/1745011126735-Screenshot%202024-10-22%20000149.png 404 197 - 8.893 ms
GET /uploads/1745035878892-Screenshot%202024-10-29%20192411.png 404 197 - 8.163 ms
POST /api/auth/logout 200 37 - 4.698 ms
